<?xml version="1.0" encoding="UTF-8"?>
<testng-results skipped="0" failed="0" ignored="0" total="1" passed="1">
  <reporter-output>
  </reporter-output>
  <suite name="Surefire suite" duration-ms="78" started-at="2021-05-14T15:27:40Z" finished-at="2021-05-14T15:27:40Z">
    <groups>
    </groups>
    <test name="Surefire test" duration-ms="78" started-at="2021-05-14T15:27:40Z" finished-at="2021-05-14T15:27:40Z">
      <class name="com.qa.mobile_automation.AppTest">
        <test-method status="PASS" signature="shouldAnswerWithTrue()" name="shouldAnswerWithTrue" duration-ms="14" started-at="2021-05-14T15:27:40Z" finished-at="2021-05-14T15:27:40Z">
          <reporter-output>
          </reporter-output>
        </test-method> <!-- shouldAnswerWithTrue -->
      </class> <!-- com.qa.mobile_automation.AppTest -->
    </test> <!-- Surefire test -->
  </suite> <!-- Surefire suite -->
</testng-results>
